This file contains any messages produced by compilers while
running configure, to aid debugging if configure makes a mistake.

It was created by newlib configure 4.1.0, which was
generated by GNU Autoconf 2.68.  Invocation command line was

  $ ../newlib-cygwin/newlib/configure CC=clang CFLAGS=-nostdlibinc -02 --target=x86_x64-elf --prefix=/home/ubuntu/x86_64-elf --disable-multilib

## --------- ##
## Platform. ##
## --------- ##

hostname = ThinkPad-X280
uname -m = x86_64
uname -r = 4.19.128-microsoft-standard
uname -s = Linux
uname -v = #1 SMP Tue Jun 23 12:58:10 UTC 2020

/usr/bin/uname -p = x86_64
/bin/uname -X     = unknown

/bin/arch              = x86_64
/usr/bin/arch -k       = unknown
/usr/convex/getsysinfo = unknown
/usr/bin/hostinfo      = unknown
/bin/machine           = unknown
/usr/bin/oslevel       = unknown
/bin/universe          = unknown

PATH: /home/ubuntu/.vscode-server/bin/622cb03f7e070a9670c94bae1a45d78d7181fbd4/bin
PATH: /home/ubuntu/.local/bin
PATH: /home/ubuntu/.cargo/bin
PATH: /usr/local/sbin
PATH: /usr/local/bin
PATH: /usr/sbin
PATH: /usr/bin
PATH: /sbin
PATH: /bin
PATH: /usr/games
PATH: /usr/local/games
PATH: /mnt/c/Program Files/AdoptOpenJDK/jdk-11.0.8.10-hotspot/bin
PATH: /mnt/c/WINDOWS/system32
PATH: /mnt/c/WINDOWS
PATH: /mnt/c/WINDOWS/System32/Wbem
PATH: /mnt/c/WINDOWS/System32/WindowsPowerShell/v1.0/
PATH: /mnt/c/WINDOWS/System32/OpenSSH/
PATH: /mnt/c/Program Files/Intel/WiFi/bin/
PATH: /mnt/c/Program Files/Common Files/Intel/WirelessCommon/
PATH: /mnt/c/Program Files/dotnet/
PATH: /mnt/c/Program Files/Microsoft SQL Server/130/Tools/Binn/
PATH: /mnt/c/Users/yuki/AppData/Local/Microsoft/WindowsApps
PATH: /mnt/c/Users/yuki/AppData/Local/Programs/Microsoft VS Code/bin
PATH: /mnt/c/Users/yuki/Desktop/Ghidra
PATH: /mnt/c/Users/yuki/Documents/kurara_os/p1_bluebook_x86/prog/tools/nasm-2.15.05
PATH: /mnt/c/Program Files/Bochs-2.6.11
PATH: /mnt/c/Program Files/qemu
PATH: /mnt/c/Users/yuki/Documents/kurara_os/p1_bluebook_x86/prog/env
PATH: /mnt/c/Users/yuki/.dotnet/tools
PATH: /mnt/c/Users/yuki/Documents/kurara_os_lab/kurara_os/intel_386/env
PATH: /mnt/c/Users/yuki/Documents/kurara_os/intel_386/env
PATH: /snap/bin


## ----------- ##
## Core tests. ##
## ----------- ##

configure:2535: checking build system type
configure:2549: result: x86_64-pc-linux-gnu
configure:2569: checking host system type
configure:2582: result: x86_64-pc-linux-gnu
configure:2618: checking for a BSD-compatible install
configure:2686: result: /usr/bin/install -c
configure:2697: checking whether build environment is sane
configure:2747: result: yes
configure:2888: checking for a thread-safe mkdir -p
configure:2927: result: /usr/bin/mkdir -p
configure:2940: checking for gawk
configure:2956: found /usr/bin/gawk
configure:2967: result: gawk
configure:2978: checking whether make sets $(MAKE)
configure:3000: result: yes
configure:3030: checking for style of include used by make
configure:3058: result: GNU
configure:3280: checking for gcc
configure:3307: result: clang
configure:3318: checking dependency style of clang
configure:3429: result: none
configure:3502: checking whether we are using GNU C
configure:3513: clang -E conftest.c
../newlib-cygwin/newlib/configure: line 3514: clang: command not found
configure:3516: $? = 127
configure:3523: result: no
configure:3666: checking for as
configure:3682: found /usr/bin/as
configure:3693: result: as
configure:3758: checking for ar
configure:3774: found /usr/bin/ar
configure:3785: result: ar
configure:3850: checking for ranlib
configure:3866: found /usr/bin/ranlib
configure:3877: result: ranlib
configure:3942: checking for readelf
configure:3958: found /usr/bin/readelf
configure:3969: result: readelf
configure:3998: checking whether to enable maintainer-specific portions of Makefiles
configure:4007: result: no
configure:4121: checking for a sed that does not truncate output
configure:4185: result: /usr/bin/sed
configure:4207: checking how to print strings
configure:4234: result: printf
configure:4259: checking for gawk
configure:4286: result: gawk
configure:12630: checking for .preinit_array/.init_array/.fini_array support
configure:12643: clang -nostdlibinc -02  -c -o conftest conftest.c
							1>&5
../newlib-cygwin/newlib/configure: line 12644: clang: command not found
configure:12646: $? = 127
configure:12659: result: no
configure:12670: checking if clang accepts -fno-tree-loop-distribute-patterns with __attribute__ ((__optimize__))
configure:12684: clang -nostdlibinc -02  -c
			    -fno-tree-loop-distribute-patterns conftest.c
../newlib-cygwin/newlib/configure: line 12685: clang: command not found
configure:12687: $? = 127
configure:12694: result: no
configure:12702: checking whether long double type exists
configure:12722: clang -nostdlibinc -02  -c -o conftest.o conftest.c
							1>&5
../newlib-cygwin/newlib/configure: line 12723: clang: command not found
configure:12725: $? = 127
configure:12734: result: no
configure:12751: checking whether long double equals double
configure:12767: clang -nostdlibinc -02  -c -o conftest.o conftest.c
							1>&5
../newlib-cygwin/newlib/configure: line 12768: clang: command not found
configure:12770: $? = 127
configure:12779: result: no
configure:12970: creating ./config.status

## ---------------------- ##
## Running config.status. ##
## ---------------------- ##

This file was extended by newlib config.status 4.1.0, which was
generated by GNU Autoconf 2.68.  Invocation command line was

  CONFIG_FILES    = 
  CONFIG_HEADERS  = 
  CONFIG_LINKS    = 
  CONFIG_COMMANDS = 
  $ ./config.status 

on ThinkPad-X280

config.status:1137: creating Makefile
config.status:1137: creating _newlib_version.h
config.status:1137: creating newlib.h
config.status:1351: executing depfiles commands
configure:15290: === configuring in libc (/home/ubuntu/kurara_os/intel_386/env/build_newlib/libc)
configure:15353: running /bin/bash ../../newlib-cygwin/newlib/libc/configure --disable-option-checking '--prefix=/home/ubuntu/x86_64-elf'  'CC=clang' 'CFLAGS=-nostdlibinc -02' '--target=x86_x64-elf' '--disable-multilib' 'target_alias=x86_x64-elf' --cache-file=/dev/null --srcdir=../../newlib-cygwin/newlib/libc
configure:15290: === configuring in libm (/home/ubuntu/kurara_os/intel_386/env/build_newlib/libm)
configure:15353: running /bin/bash ../../newlib-cygwin/newlib/libm/configure --disable-option-checking '--prefix=/home/ubuntu/x86_64-elf'  'CC=clang' 'CFLAGS=-nostdlibinc -02' '--target=x86_x64-elf' '--disable-multilib' 'target_alias=x86_x64-elf' --cache-file=/dev/null --srcdir=../../newlib-cygwin/newlib/libm
configure:15290: === configuring in doc (/home/ubuntu/kurara_os/intel_386/env/build_newlib/doc)
configure:15353: running /bin/bash ../../newlib-cygwin/newlib/doc/configure --disable-option-checking '--prefix=/home/ubuntu/x86_64-elf'  'CC=clang' 'CFLAGS=-nostdlibinc -02' '--target=x86_x64-elf' '--disable-multilib' 'target_alias=x86_x64-elf' --cache-file=/dev/null --srcdir=../../newlib-cygwin/newlib/doc

## ---------------- ##
## Cache variables. ##
## ---------------- ##

ac_cv_build=x86_64-pc-linux-gnu
ac_cv_c_compiler_gnu=no
ac_cv_env_CCASFLAGS_set=
ac_cv_env_CCASFLAGS_value=
ac_cv_env_CCAS_set=
ac_cv_env_CCAS_value=
ac_cv_env_CC_set=set
ac_cv_env_CC_value=clang
ac_cv_env_CFLAGS_set=set
ac_cv_env_CFLAGS_value='-nostdlibinc -02'
ac_cv_env_CPPFLAGS_set=
ac_cv_env_CPPFLAGS_value=
ac_cv_env_CPP_set=
ac_cv_env_CPP_value=
ac_cv_env_LDFLAGS_set=
ac_cv_env_LDFLAGS_value=
ac_cv_env_LIBS_set=
ac_cv_env_LIBS_value=
ac_cv_env_build_alias_set=
ac_cv_env_build_alias_value=
ac_cv_env_host_alias_set=
ac_cv_env_host_alias_value=
ac_cv_env_target_alias_set=set
ac_cv_env_target_alias_value=x86_x64-elf
ac_cv_host=x86_64-pc-linux-gnu
ac_cv_path_SED=/usr/bin/sed
ac_cv_path_install='/usr/bin/install -c'
ac_cv_path_mkdir=/usr/bin/mkdir
ac_cv_prog_AWK=gawk
ac_cv_prog_CC=clang
ac_cv_prog_ac_ct_AR=ar
ac_cv_prog_ac_ct_AS=as
ac_cv_prog_ac_ct_RANLIB=ranlib
ac_cv_prog_ac_ct_READELF=readelf
ac_cv_prog_make_make_set=yes
acnewlib_cv_type_long_double=no
am_cv_CC_dependencies_compiler_type=none
libc_cv_cc_loop_to_function=no
libc_cv_initfinit_array=no
newlib_cv_ldbl_eq_dbl=no

## ----------------- ##
## Output variables. ##
## ----------------- ##

ACLOCAL='${SHELL} /home/ubuntu/kurara_os/intel_386/env/newlib-cygwin/missing --run aclocal-1.11'
AMDEPBACKSLASH='\'
AMDEP_FALSE='#'
AMDEP_TRUE=''
AMTAR='$${TAR-tar}'
AR='ar'
AS='as'
AUTOCONF='${SHELL} /home/ubuntu/kurara_os/intel_386/env/newlib-cygwin/missing --run autoconf'
AUTOHEADER='${SHELL} /home/ubuntu/kurara_os/intel_386/env/newlib-cygwin/missing --run autoheader'
AUTOMAKE='${SHELL} /home/ubuntu/kurara_os/intel_386/env/newlib-cygwin/missing --run automake-1.11'
AWK='gawk'
CC='clang'
CCAS='clang'
CCASFLAGS='-nostdlibinc -02'
CCDEPMODE='depmode=none'
CC_FOR_BUILD='gcc'
CC_FOR_NEWLIB='clang -I/home/ubuntu/kurara_os/intel_386/env/build_newlib/targ-include -I/home/ubuntu/kurara_os/intel_386/env/newlib-cygwin/newlib/libc/include'
CFLAGS='-nostdlibinc -02'
CPP=''
CPPFLAGS=''
CRT0=''
CRT0_DIR=''
CRT1=''
CRT1_DIR=''
CYGPATH_W='echo'
DEFS='-DHAVE_CONFIG_H'
DEPDIR='.deps'
DLLTOOL=''
DSYMUTIL=''
DUMPBIN=''
ECHO_C=''
ECHO_N='-n'
ECHO_T=''
EGREP=''
ELIX_LEVEL_0_FALSE='#'
ELIX_LEVEL_0_TRUE=''
ELIX_LEVEL_1_FALSE=''
ELIX_LEVEL_1_TRUE='#'
ELIX_LEVEL_2_FALSE=''
ELIX_LEVEL_2_TRUE='#'
ELIX_LEVEL_3_FALSE=''
ELIX_LEVEL_3_TRUE='#'
ELIX_LEVEL_4_FALSE=''
ELIX_LEVEL_4_TRUE='#'
EXEEXT=''
EXTRA_DIRS=''
FGREP=''
GREP=''
HAVE_CRT0_FALSE=''
HAVE_CRT0_TRUE='#'
HAVE_DOC_FALSE='#'
HAVE_DOC_TRUE=''
HAVE_LONG_DOUBLE_FALSE=''
HAVE_LONG_DOUBLE_TRUE='#'
HAVE_MULTISUBDIR_FALSE=''
HAVE_MULTISUBDIR_TRUE='#'
INSTALL_DATA='${INSTALL} -m 644'
INSTALL_PROGRAM='${INSTALL}'
INSTALL_SCRIPT='${INSTALL}'
INSTALL_STRIP_PROGRAM='$(install_sh) -c -s'
LD=''
LDFLAGS=''
LIBM_MACHINE_OBJECTLIST='libm/machine/x86_64/objectlist.awk.in'
LIBOBJS=''
LIBS=''
LIBTOOL=''
LIPO=''
LN_S=''
LTLIBOBJS=''
MACHINE_OBJECTLIST='libc/machine/x86_64/objectlist.awk.in'
MAINT='#'
MAINTAINER_MODE_FALSE=''
MAINTAINER_MODE_TRUE='#'
MAKEINFO='${SHELL} /home/ubuntu/kurara_os/intel_386/env/newlib-cygwin/missing --run makeinfo'
MAY_SUPPLY_SYSCALLS_FALSE='#'
MAY_SUPPLY_SYSCALLS_TRUE=''
MKDIR_P='/usr/bin/mkdir -p'
NEWLIB_CFLAGS=' -fno-builtin -DMISSING_SYSCALL_NAMES -DHAVE_INIT_FINI'
NEWLIB_HW_FP_FALSE=''
NEWLIB_HW_FP_TRUE='#'
NM=''
NMEDIT=''
NO_INCLUDE_LIST=' rpc/types.h rpc/xdr.h'
OBJDUMP=''
OBJEXT='o'
OTOOL64=''
OTOOL=''
PACKAGE='newlib'
PACKAGE_BUGREPORT=''
PACKAGE_NAME='newlib'
PACKAGE_STRING='newlib 4.1.0'
PACKAGE_TARNAME='newlib'
PACKAGE_URL=''
PACKAGE_VERSION='4.1.0'
PATH_SEPARATOR=':'
POSIX_OBJECTLIST=''
RANLIB='ranlib'
READELF='readelf'
SED='/usr/bin/sed'
SET_MAKE=''
SHELL='/bin/bash'
SIGNAL_OBJECTLIST='libc/signal/objectlist.awk.in'
STDIO64_OBJECTLIST=''
STRIP=''
SYSCALL_OBJECTLIST=''
SYS_MACH_OBJECTLIST=''
SYS_OBJECTLIST=''
UNIX_OBJECTLIST=''
USE_LIBTOOL_FALSE=''
USE_LIBTOOL_TRUE='#'
VERSION='4.1.0'
ac_ct_CC=''
ac_ct_DUMPBIN=''
aext='a'
am__EXEEXT_FALSE=''
am__EXEEXT_TRUE='#'
am__fastdepCC_FALSE=''
am__fastdepCC_TRUE='#'
am__include='include'
am__isrc=' -I$(srcdir)'
am__leading_dot='.'
am__nodep='_no'
am__quote=''
am__tar='$${TAR-tar} chof - "$$tardir"'
am__untar='$${TAR-tar} xf -'
bindir='${exec_prefix}/bin'
build='x86_64-pc-linux-gnu'
build_alias=''
build_cpu='x86_64'
build_os='linux-gnu'
build_vendor='pc'
datadir='${datarootdir}'
datarootdir='${prefix}/share'
docdir='${datarootdir}/doc/${PACKAGE_TARNAME}'
dvidir='${docdir}'
exec_prefix='${prefix}'
host='x86_64-pc-linux-gnu'
host_alias=''
host_cpu='x86_64'
host_os='linux-gnu'
host_vendor='pc'
htmldir='${docdir}'
includedir='${prefix}/include'
infodir='${datarootdir}/info'
install_sh='${SHELL} /home/ubuntu/kurara_os/intel_386/env/newlib-cygwin/install-sh'
libc_cv_cc_loop_to_function='no'
libc_cv_initfinit_array='no'
libdir='${exec_prefix}/lib'
libexecdir='${exec_prefix}/libexec'
libm_machine_dir='x86_64'
localedir='${datarootdir}/locale'
localstatedir='${prefix}/var'
lpfx='lib_a-'
machine_dir='x86_64'
mandir='${datarootdir}/man'
mkdir_p='/usr/bin/mkdir -p'
newlib_basedir='../newlib-cygwin/newlib/.'
oext='o'
oldincludedir='/usr/include'
pdfdir='${docdir}'
prefix='/home/ubuntu/x86_64-elf'
program_transform_name='s,x,x,'
psdir='${docdir}'
sbindir='${exec_prefix}/sbin'
sharedstatedir='${prefix}/com'
subdirs=' libc libm doc'
sys_dir=''
sysconfdir='${prefix}/etc'
target_alias='x86_x64-elf'

## ----------- ##
## confdefs.h. ##
## ----------- ##

/* confdefs.h */
#define PACKAGE_NAME "newlib"
#define PACKAGE_TARNAME "newlib"
#define PACKAGE_VERSION "4.1.0"
#define PACKAGE_STRING "newlib 4.1.0"
#define PACKAGE_BUGREPORT ""
#define PACKAGE_URL ""
#define _REENT_CHECK_VERIFY 1
#define _MB_LEN_MAX 1
#define _NEWLIB_VERSION "4.1.0"
#define __NEWLIB__ 4
#define __NEWLIB_MINOR__ 1
#define __NEWLIB_PATCHLEVEL__ 0
#define _ATEXIT_DYNAMIC_ALLOC 1
#define _FVWRITE_IN_STREAMIO 1
#define _FSEEK_OPTIMIZATION 1
#define _WIDE_ORIENT 1
#define _UNBUF_STREAM_OPT 1

configure: exit 0
