This file contains any messages produced by compilers while
running configure, to aid debugging if configure makes a mistake.

It was created by newlib configure 4.1.0, which was
generated by GNU Autoconf 2.68.  Invocation command line was

  $ ../../newlib-cygwin/newlib/libm/configure --disable-option-checking --prefix=/home/ubuntu/x86_64-elf CC=clang CFLAGS=-nostdlibinc -02 --target=x86_x64-elf --disable-multilib target_alias=x86_x64-elf --cache-file=/dev/null --srcdir=../../newlib-cygwin/newlib/libm

## --------- ##
## Platform. ##
## --------- ##

hostname = ThinkPad-X280
uname -m = x86_64
uname -r = 4.19.128-microsoft-standard
uname -s = Linux
uname -v = #1 SMP Tue Jun 23 12:58:10 UTC 2020

/usr/bin/uname -p = x86_64
/bin/uname -X     = unknown

/bin/arch              = x86_64
/usr/bin/arch -k       = unknown
/usr/convex/getsysinfo = unknown
/usr/bin/hostinfo      = unknown
/bin/machine           = unknown
/usr/bin/oslevel       = unknown
/bin/universe          = unknown

PATH: /home/ubuntu/.vscode-server/bin/622cb03f7e070a9670c94bae1a45d78d7181fbd4/bin
PATH: /home/ubuntu/.local/bin
PATH: /home/ubuntu/.cargo/bin
PATH: /usr/local/sbin
PATH: /usr/local/bin
PATH: /usr/sbin
PATH: /usr/bin
PATH: /sbin
PATH: /bin
PATH: /usr/games
PATH: /usr/local/games
PATH: /mnt/c/Program Files/AdoptOpenJDK/jdk-11.0.8.10-hotspot/bin
PATH: /mnt/c/WINDOWS/system32
PATH: /mnt/c/WINDOWS
PATH: /mnt/c/WINDOWS/System32/Wbem
PATH: /mnt/c/WINDOWS/System32/WindowsPowerShell/v1.0/
PATH: /mnt/c/WINDOWS/System32/OpenSSH/
PATH: /mnt/c/Program Files/Intel/WiFi/bin/
PATH: /mnt/c/Program Files/Common Files/Intel/WirelessCommon/
PATH: /mnt/c/Program Files/dotnet/
PATH: /mnt/c/Program Files/Microsoft SQL Server/130/Tools/Binn/
PATH: /mnt/c/Users/yuki/AppData/Local/Microsoft/WindowsApps
PATH: /mnt/c/Users/yuki/AppData/Local/Programs/Microsoft VS Code/bin
PATH: /mnt/c/Users/yuki/Desktop/Ghidra
PATH: /mnt/c/Users/yuki/Documents/kurara_os/p1_bluebook_x86/prog/tools/nasm-2.15.05
PATH: /mnt/c/Program Files/Bochs-2.6.11
PATH: /mnt/c/Program Files/qemu
PATH: /mnt/c/Users/yuki/Documents/kurara_os/p1_bluebook_x86/prog/env
PATH: /mnt/c/Users/yuki/.dotnet/tools
PATH: /mnt/c/Users/yuki/Documents/kurara_os_lab/kurara_os/intel_386/env
PATH: /mnt/c/Users/yuki/Documents/kurara_os/intel_386/env
PATH: /snap/bin


## ----------- ##
## Core tests. ##
## ----------- ##

configure:2161: checking Checking long double support
configure:2173: clang -nostdlibinc -02  -c conftest.c 1>&5
../../newlib-cygwin/newlib/libm/configure: line 2174: clang: command not found
configure:2176: $? = 127
configure:2185: result: no
configure:2231: checking build system type
configure:2245: result: x86_64-pc-linux-gnu
configure:2265: checking host system type
configure:2278: result: x86_64-pc-linux-gnu
configure:2314: checking for a BSD-compatible install
configure:2382: result: /usr/bin/install -c
configure:2393: checking whether build environment is sane
configure:2443: result: yes
configure:2584: checking for a thread-safe mkdir -p
configure:2623: result: /usr/bin/mkdir -p
configure:2636: checking for gawk
configure:2652: found /usr/bin/gawk
configure:2663: result: gawk
configure:2674: checking whether make sets $(MAKE)
configure:2696: result: yes
configure:2726: checking for style of include used by make
configure:2754: result: GNU
configure:2976: checking for gcc
configure:3003: result: clang
configure:3014: checking dependency style of clang
configure:3125: result: none
configure:3198: checking whether we are using GNU C
configure:3209: clang -E conftest.c
../../newlib-cygwin/newlib/libm/configure: line 3210: clang: command not found
configure:3212: $? = 127
configure:3219: result: no
configure:3362: checking for as
configure:3378: found /usr/bin/as
configure:3389: result: as
configure:3454: checking for ar
configure:3470: found /usr/bin/ar
configure:3481: result: ar
configure:3546: checking for ranlib
configure:3562: found /usr/bin/ranlib
configure:3573: result: ranlib
configure:3638: checking for readelf
configure:3654: found /usr/bin/readelf
configure:3665: result: readelf
configure:3694: checking whether to enable maintainer-specific portions of Makefiles
configure:3703: result: no
configure:3817: checking for a sed that does not truncate output
configure:3881: result: /usr/bin/sed
configure:3903: checking how to print strings
configure:3930: result: printf
configure:12071: creating ./config.status

## ---------------------- ##
## Running config.status. ##
## ---------------------- ##

This file was extended by newlib config.status 4.1.0, which was
generated by GNU Autoconf 2.68.  Invocation command line was

  CONFIG_FILES    = 
  CONFIG_HEADERS  = 
  CONFIG_LINKS    = 
  CONFIG_COMMANDS = 
  $ ./config.status 

on ThinkPad-X280

config.status:1033: creating Makefile
config.status:1033: creating math/Makefile
config.status:1033: creating mathfp/Makefile
config.status:1033: creating common/Makefile
config.status:1033: creating complex/Makefile
config.status:1033: creating fenv/Makefile
config.status:1190: executing depfiles commands
configure:14195: === configuring in machine (/home/ubuntu/kurara_os/intel_386/env/build_newlib/libm/machine)
configure:14258: running /bin/bash ../../../newlib-cygwin/newlib/libm/machine/configure --disable-option-checking '--prefix=/home/ubuntu/x86_64-elf'  'CC=clang' 'CFLAGS=-nostdlibinc -02' '--target=x86_x64-elf' '--disable-multilib' 'target_alias=x86_x64-elf' --cache-file=/dev/null --srcdir=../../../newlib-cygwin/newlib/libm/machine

## ---------------- ##
## Cache variables. ##
## ---------------- ##

ac_cv_build=x86_64-pc-linux-gnu
ac_cv_c_compiler_gnu=no
ac_cv_env_CCASFLAGS_set=
ac_cv_env_CCASFLAGS_value=
ac_cv_env_CCAS_set=
ac_cv_env_CCAS_value=
ac_cv_env_CC_set=set
ac_cv_env_CC_value=clang
ac_cv_env_CFLAGS_set=set
ac_cv_env_CFLAGS_value='-nostdlibinc -02'
ac_cv_env_CPPFLAGS_set=
ac_cv_env_CPPFLAGS_value=
ac_cv_env_CPP_set=
ac_cv_env_CPP_value=
ac_cv_env_LDFLAGS_set=
ac_cv_env_LDFLAGS_value=
ac_cv_env_LIBS_set=
ac_cv_env_LIBS_value=
ac_cv_env_build_alias_set=
ac_cv_env_build_alias_value=
ac_cv_env_host_alias_set=
ac_cv_env_host_alias_value=
ac_cv_env_target_alias_set=set
ac_cv_env_target_alias_value=x86_x64-elf
ac_cv_host=x86_64-pc-linux-gnu
ac_cv_path_SED=/usr/bin/sed
ac_cv_path_install='/usr/bin/install -c'
ac_cv_path_mkdir=/usr/bin/mkdir
ac_cv_prog_AWK=gawk
ac_cv_prog_CC=clang
ac_cv_prog_ac_ct_AR=ar
ac_cv_prog_ac_ct_AS=as
ac_cv_prog_ac_ct_RANLIB=ranlib
ac_cv_prog_ac_ct_READELF=readelf
ac_cv_prog_make_make_set=yes
acnewlib_cv_type_long_double=no
am_cv_CC_dependencies_compiler_type=none

## ----------------- ##
## Output variables. ##
## ----------------- ##

ACLOCAL='${SHELL} /home/ubuntu/kurara_os/intel_386/env/newlib-cygwin/missing --run aclocal-1.11'
AMDEPBACKSLASH='\'
AMDEP_FALSE='#'
AMDEP_TRUE=''
AMTAR='$${TAR-tar}'
AR='ar'
AS='as'
AUTOCONF='${SHELL} /home/ubuntu/kurara_os/intel_386/env/newlib-cygwin/missing --run autoconf'
AUTOHEADER='${SHELL} /home/ubuntu/kurara_os/intel_386/env/newlib-cygwin/missing --run autoheader'
AUTOMAKE='${SHELL} /home/ubuntu/kurara_os/intel_386/env/newlib-cygwin/missing --run automake-1.11'
AWK='gawk'
CC='clang'
CCAS='clang'
CCASFLAGS='-nostdlibinc -02'
CCDEPMODE='depmode=none'
CFLAGS='-nostdlibinc -02'
CPP=''
CPPFLAGS=''
CYGPATH_W='echo'
DEFS='-DPACKAGE_NAME=\"newlib\" -DPACKAGE_TARNAME=\"newlib\" -DPACKAGE_VERSION=\"4.1.0\" -DPACKAGE_STRING=\"newlib\ 4.1.0\" -DPACKAGE_BUGREPORT=\"\" -DPACKAGE_URL=\"\"'
DEPDIR='.deps'
DLLTOOL=''
DSYMUTIL=''
DUMPBIN=''
ECHO_C=''
ECHO_N='-n'
ECHO_T=''
EGREP=''
ELIX_LEVEL_0_FALSE='#'
ELIX_LEVEL_0_TRUE=''
ELIX_LEVEL_1_FALSE=''
ELIX_LEVEL_1_TRUE='#'
ELIX_LEVEL_2_FALSE=''
ELIX_LEVEL_2_TRUE='#'
ELIX_LEVEL_3_FALSE=''
ELIX_LEVEL_3_TRUE='#'
ELIX_LEVEL_4_FALSE=''
ELIX_LEVEL_4_TRUE='#'
EXEEXT=''
FGREP=''
GREP=''
HAVE_LONG_DOUBLE_FALSE=''
HAVE_LONG_DOUBLE_TRUE='#'
INSTALL_DATA='${INSTALL} -m 644'
INSTALL_PROGRAM='${INSTALL}'
INSTALL_SCRIPT='${INSTALL}'
INSTALL_STRIP_PROGRAM='$(install_sh) -c -s'
LD=''
LDFLAGS=''
LIBM_MACHINE_LIB='machine/lib.a'
LIBOBJS=''
LIBS=''
LIBTOOL=''
LIPO=''
LN_S=''
LTLIBOBJS=''
MAINT='#'
MAINTAINER_MODE_FALSE=''
MAINTAINER_MODE_TRUE='#'
MAKEINFO='${SHELL} /home/ubuntu/kurara_os/intel_386/env/newlib-cygwin/missing --run makeinfo'
MAY_SUPPLY_SYSCALLS_FALSE='#'
MAY_SUPPLY_SYSCALLS_TRUE=''
MKDIR_P='/usr/bin/mkdir -p'
NEWLIB_CFLAGS=' -fno-builtin -DMISSING_SYSCALL_NAMES -DHAVE_INIT_FINI'
NEWLIB_HW_FP_FALSE=''
NEWLIB_HW_FP_TRUE='#'
NM=''
NMEDIT=''
NO_INCLUDE_LIST=' rpc/types.h rpc/xdr.h'
OBJDUMP=''
OBJEXT='o'
OTOOL64=''
OTOOL=''
PACKAGE='newlib'
PACKAGE_BUGREPORT=''
PACKAGE_NAME='newlib'
PACKAGE_STRING='newlib 4.1.0'
PACKAGE_TARNAME='newlib'
PACKAGE_URL=''
PACKAGE_VERSION='4.1.0'
PATH_SEPARATOR=':'
RANLIB='ranlib'
READELF='readelf'
SED='/usr/bin/sed'
SET_MAKE=''
SHELL='/bin/bash'
STRIP=''
USE_LIBTOOL_FALSE=''
USE_LIBTOOL_TRUE='#'
VERSION='4.1.0'
ac_ct_CC=''
ac_ct_DUMPBIN=''
aext='a'
am__EXEEXT_FALSE=''
am__EXEEXT_TRUE='#'
am__fastdepCC_FALSE=''
am__fastdepCC_TRUE='#'
am__include='include'
am__isrc=' -I$(srcdir)'
am__leading_dot='.'
am__nodep='_no'
am__quote=''
am__tar='$${TAR-tar} chof - "$$tardir"'
am__untar='$${TAR-tar} xf -'
bindir='${exec_prefix}/bin'
build='x86_64-pc-linux-gnu'
build_alias=''
build_cpu='x86_64'
build_os='linux-gnu'
build_vendor='pc'
datadir='${datarootdir}'
datarootdir='${prefix}/share'
docdir='${datarootdir}/doc/${PACKAGE_TARNAME}'
dvidir='${docdir}'
exec_prefix='${prefix}'
host='x86_64-pc-linux-gnu'
host_alias=''
host_cpu='x86_64'
host_os='linux-gnu'
host_vendor='pc'
htmldir='${docdir}'
includedir='${prefix}/include'
infodir='${datarootdir}/info'
install_sh='${SHELL} /home/ubuntu/kurara_os/intel_386/env/newlib-cygwin/install-sh'
libdir='${exec_prefix}/lib'
libexecdir='${exec_prefix}/libexec'
libm_machine_dir='x86_64'
localedir='${datarootdir}/locale'
localstatedir='${prefix}/var'
lpfx='lib_a-'
machine_dir='x86_64'
mandir='${datarootdir}/man'
mkdir_p='/usr/bin/mkdir -p'
newlib_basedir='../../newlib-cygwin/newlib/libm/..'
oext='o'
oldincludedir='/usr/include'
pdfdir='${docdir}'
prefix='/home/ubuntu/x86_64-elf'
program_transform_name='s,x,x,'
psdir='${docdir}'
sbindir='${exec_prefix}/sbin'
sharedstatedir='${prefix}/com'
subdirs=' machine'
sys_dir=''
sysconfdir='${prefix}/etc'
target_alias='x86_x64-elf'

## ----------- ##
## confdefs.h. ##
## ----------- ##

/* confdefs.h */
#define PACKAGE_NAME "newlib"
#define PACKAGE_TARNAME "newlib"
#define PACKAGE_VERSION "4.1.0"
#define PACKAGE_STRING "newlib 4.1.0"
#define PACKAGE_BUGREPORT ""
#define PACKAGE_URL ""

configure: exit 0
