This file contains any messages produced by compilers while
running configure, to aid debugging if configure makes a mistake.

It was created by newlib configure 4.1.0, which was
generated by GNU Autoconf 2.68.  Invocation command line was

  $ ../../newlib-cygwin/newlib/libc/configure --disable-option-checking --prefix=/home/ubuntu/x86_64-elf CC=clang CFLAGS=-nostdlibinc -02 --target=x86_x64-elf --disable-multilib target_alias=x86_x64-elf --cache-file=/dev/null --srcdir=../../newlib-cygwin/newlib/libc

## --------- ##
## Platform. ##
## --------- ##

hostname = ThinkPad-X280
uname -m = x86_64
uname -r = 4.19.128-microsoft-standard
uname -s = Linux
uname -v = #1 SMP Tue Jun 23 12:58:10 UTC 2020

/usr/bin/uname -p = x86_64
/bin/uname -X     = unknown

/bin/arch              = x86_64
/usr/bin/arch -k       = unknown
/usr/convex/getsysinfo = unknown
/usr/bin/hostinfo      = unknown
/bin/machine           = unknown
/usr/bin/oslevel       = unknown
/bin/universe          = unknown

PATH: /home/ubuntu/.vscode-server/bin/622cb03f7e070a9670c94bae1a45d78d7181fbd4/bin
PATH: /home/ubuntu/.local/bin
PATH: /home/ubuntu/.cargo/bin
PATH: /usr/local/sbin
PATH: /usr/local/bin
PATH: /usr/sbin
PATH: /usr/bin
PATH: /sbin
PATH: /bin
PATH: /usr/games
PATH: /usr/local/games
PATH: /mnt/c/Program Files/AdoptOpenJDK/jdk-11.0.8.10-hotspot/bin
PATH: /mnt/c/WINDOWS/system32
PATH: /mnt/c/WINDOWS
PATH: /mnt/c/WINDOWS/System32/Wbem
PATH: /mnt/c/WINDOWS/System32/WindowsPowerShell/v1.0/
PATH: /mnt/c/WINDOWS/System32/OpenSSH/
PATH: /mnt/c/Program Files/Intel/WiFi/bin/
PATH: /mnt/c/Program Files/Common Files/Intel/WirelessCommon/
PATH: /mnt/c/Program Files/dotnet/
PATH: /mnt/c/Program Files/Microsoft SQL Server/130/Tools/Binn/
PATH: /mnt/c/Users/yuki/AppData/Local/Microsoft/WindowsApps
PATH: /mnt/c/Users/yuki/AppData/Local/Programs/Microsoft VS Code/bin
PATH: /mnt/c/Users/yuki/Desktop/Ghidra
PATH: /mnt/c/Users/yuki/Documents/kurara_os/p1_bluebook_x86/prog/tools/nasm-2.15.05
PATH: /mnt/c/Program Files/Bochs-2.6.11
PATH: /mnt/c/Program Files/qemu
PATH: /mnt/c/Users/yuki/Documents/kurara_os/p1_bluebook_x86/prog/env
PATH: /mnt/c/Users/yuki/.dotnet/tools
PATH: /mnt/c/Users/yuki/Documents/kurara_os_lab/kurara_os/intel_386/env
PATH: /mnt/c/Users/yuki/Documents/kurara_os/intel_386/env
PATH: /snap/bin


## ----------- ##
## Core tests. ##
## ----------- ##

configure:2282: checking build system type
configure:2296: result: x86_64-pc-linux-gnu
configure:2316: checking host system type
configure:2329: result: x86_64-pc-linux-gnu
configure:2365: checking for a BSD-compatible install
configure:2433: result: /usr/bin/install -c
configure:2444: checking whether build environment is sane
configure:2494: result: yes
configure:2635: checking for a thread-safe mkdir -p
configure:2674: result: /usr/bin/mkdir -p
configure:2687: checking for gawk
configure:2703: found /usr/bin/gawk
configure:2714: result: gawk
configure:2725: checking whether make sets $(MAKE)
configure:2747: result: yes
configure:2777: checking for style of include used by make
configure:2805: result: GNU
configure:3027: checking for gcc
configure:3054: result: clang
configure:3065: checking dependency style of clang
configure:3176: result: none
configure:3249: checking whether we are using GNU C
configure:3260: clang -E conftest.c
../../newlib-cygwin/newlib/libc/configure: line 3261: clang: command not found
configure:3263: $? = 127
configure:3270: result: no
configure:3413: checking for as
configure:3429: found /usr/bin/as
configure:3440: result: as
configure:3505: checking for ar
configure:3521: found /usr/bin/ar
configure:3532: result: ar
configure:3597: checking for ranlib
configure:3613: found /usr/bin/ranlib
configure:3624: result: ranlib
configure:3689: checking for readelf
configure:3705: found /usr/bin/readelf
configure:3716: result: readelf
configure:3745: checking whether to enable maintainer-specific portions of Makefiles
configure:3754: result: no
configure:3877: checking for a sed that does not truncate output
configure:3941: result: /usr/bin/sed
configure:3963: checking how to print strings
configure:3990: result: printf
configure:12084: checking Checking long double support
configure:12096: clang -nostdlibinc -02  -c conftest.c 1>&5
../../newlib-cygwin/newlib/libc/configure: line 12097: clang: command not found
configure:12099: $? = 127
configure:12108: result: no
configure:12382: creating ./config.status

## ---------------------- ##
## Running config.status. ##
## ---------------------- ##

This file was extended by newlib config.status 4.1.0, which was
generated by GNU Autoconf 2.68.  Invocation command line was

  CONFIG_FILES    = 
  CONFIG_HEADERS  = 
  CONFIG_LINKS    = 
  CONFIG_COMMANDS = 
  $ ./config.status 

on ThinkPad-X280

config.status:1088: creating Makefile
config.status:1088: creating argz/Makefile
config.status:1088: creating ctype/Makefile
config.status:1088: creating errno/Makefile
config.status:1088: creating locale/Makefile
config.status:1088: creating misc/Makefile
config.status:1088: creating reent/Makefile
config.status:1088: creating search/Makefile
config.status:1088: creating stdio/Makefile
config.status:1088: creating stdio64/Makefile
config.status:1088: creating stdlib/Makefile
config.status:1088: creating string/Makefile
config.status:1088: creating time/Makefile
config.status:1088: creating posix/Makefile
config.status:1088: creating signal/Makefile
config.status:1088: creating syscalls/Makefile
config.status:1088: creating unix/Makefile
config.status:1088: creating iconv/Makefile
config.status:1088: creating iconv/ces/Makefile
config.status:1088: creating iconv/ccs/Makefile
config.status:1088: creating iconv/ccs/binary/Makefile
config.status:1088: creating iconv/lib/Makefile
config.status:1088: creating ssp/Makefile
config.status:1088: creating xdr/Makefile
config.status:1245: executing depfiles commands
configure:14524: === configuring in machine (/home/ubuntu/kurara_os/intel_386/env/build_newlib/libc/machine)
configure:14587: running /bin/bash ../../../newlib-cygwin/newlib/libc/machine/configure --disable-option-checking '--prefix=/home/ubuntu/x86_64-elf'  'CC=clang' 'CFLAGS=-nostdlibinc -02' '--target=x86_x64-elf' '--disable-multilib' 'target_alias=x86_x64-elf' --cache-file=/dev/null --srcdir=../../../newlib-cygwin/newlib/libc/machine
configure:14524: === configuring in sys (/home/ubuntu/kurara_os/intel_386/env/build_newlib/libc/sys)
configure:14587: running /bin/bash ../../../newlib-cygwin/newlib/libc/sys/configure --disable-option-checking '--prefix=/home/ubuntu/x86_64-elf'  'CC=clang' 'CFLAGS=-nostdlibinc -02' '--target=x86_x64-elf' '--disable-multilib' 'target_alias=x86_x64-elf' --cache-file=/dev/null --srcdir=../../../newlib-cygwin/newlib/libc/sys

## ---------------- ##
## Cache variables. ##
## ---------------- ##

ac_cv_build=x86_64-pc-linux-gnu
ac_cv_c_compiler_gnu=no
ac_cv_env_CCASFLAGS_set=
ac_cv_env_CCASFLAGS_value=
ac_cv_env_CCAS_set=
ac_cv_env_CCAS_value=
ac_cv_env_CC_set=set
ac_cv_env_CC_value=clang
ac_cv_env_CFLAGS_set=set
ac_cv_env_CFLAGS_value='-nostdlibinc -02'
ac_cv_env_CPPFLAGS_set=
ac_cv_env_CPPFLAGS_value=
ac_cv_env_CPP_set=
ac_cv_env_CPP_value=
ac_cv_env_LDFLAGS_set=
ac_cv_env_LDFLAGS_value=
ac_cv_env_LIBS_set=
ac_cv_env_LIBS_value=
ac_cv_env_build_alias_set=
ac_cv_env_build_alias_value=
ac_cv_env_host_alias_set=
ac_cv_env_host_alias_value=
ac_cv_env_target_alias_set=set
ac_cv_env_target_alias_value=x86_x64-elf
ac_cv_host=x86_64-pc-linux-gnu
ac_cv_path_SED=/usr/bin/sed
ac_cv_path_install='/usr/bin/install -c'
ac_cv_path_mkdir=/usr/bin/mkdir
ac_cv_prog_AWK=gawk
ac_cv_prog_CC=clang
ac_cv_prog_ac_ct_AR=ar
ac_cv_prog_ac_ct_AS=as
ac_cv_prog_ac_ct_RANLIB=ranlib
ac_cv_prog_ac_ct_READELF=readelf
ac_cv_prog_make_make_set=yes
acnewlib_cv_type_long_double=no
am_cv_CC_dependencies_compiler_type=none

## ----------------- ##
## Output variables. ##
## ----------------- ##

ACLOCAL='${SHELL} /home/ubuntu/kurara_os/intel_386/env/newlib-cygwin/missing --run aclocal-1.11'
AMDEPBACKSLASH='\'
AMDEP_FALSE='#'
AMDEP_TRUE=''
AMTAR='$${TAR-tar}'
AR='ar'
AS='as'
AUTOCONF='${SHELL} /home/ubuntu/kurara_os/intel_386/env/newlib-cygwin/missing --run autoconf'
AUTOHEADER='${SHELL} /home/ubuntu/kurara_os/intel_386/env/newlib-cygwin/missing --run autoheader'
AUTOMAKE='${SHELL} /home/ubuntu/kurara_os/intel_386/env/newlib-cygwin/missing --run automake-1.11'
AWK='gawk'
CC='clang'
CCAS='clang'
CCASFLAGS='-nostdlibinc -02'
CCDEPMODE='depmode=none'
CFLAGS='-nostdlibinc -02'
CPP=''
CPPFLAGS=''
CRT0=''
CYGPATH_W='echo'
DEFS='-DPACKAGE_NAME=\"newlib\" -DPACKAGE_TARNAME=\"newlib\" -DPACKAGE_VERSION=\"4.1.0\" -DPACKAGE_STRING=\"newlib\ 4.1.0\" -DPACKAGE_BUGREPORT=\"\" -DPACKAGE_URL=\"\"'
DEPDIR='.deps'
DLLTOOL=''
DSYMUTIL=''
DUMPBIN=''
ECHO_C=''
ECHO_N='-n'
ECHO_T=''
EGREP=''
ELIX_LEVEL_0_FALSE='#'
ELIX_LEVEL_0_TRUE=''
ELIX_LEVEL_1_FALSE=''
ELIX_LEVEL_1_TRUE='#'
ELIX_LEVEL_2_FALSE=''
ELIX_LEVEL_2_TRUE='#'
ELIX_LEVEL_3_FALSE=''
ELIX_LEVEL_3_TRUE='#'
ELIX_LEVEL_4_FALSE=''
ELIX_LEVEL_4_TRUE='#'
ENABLE_NEWLIB_ICONV_FALSE=''
ENABLE_NEWLIB_ICONV_TRUE='#'
EXEEXT=''
FGREP=''
GREP=''
HAVE_LONG_DOUBLE_FALSE=''
HAVE_LONG_DOUBLE_TRUE='#'
HAVE_POSIX_DIR_FALSE=''
HAVE_POSIX_DIR_TRUE='#'
HAVE_SIGNAL_DIR_FALSE='#'
HAVE_SIGNAL_DIR_TRUE=''
HAVE_STDIO64_DIR_FALSE=''
HAVE_STDIO64_DIR_TRUE='#'
HAVE_STDIO_DIR_FALSE='#'
HAVE_STDIO_DIR_TRUE=''
HAVE_SYSCALL_DIR_FALSE=''
HAVE_SYSCALL_DIR_TRUE='#'
HAVE_UNIX_DIR_FALSE=''
HAVE_UNIX_DIR_TRUE='#'
HAVE_XDR_DIR_FALSE=''
HAVE_XDR_DIR_TRUE='#'
INSTALL_DATA='${INSTALL} -m 644'
INSTALL_PROGRAM='${INSTALL}'
INSTALL_SCRIPT='${INSTALL}'
INSTALL_STRIP_PROGRAM='$(install_sh) -c -s'
LD=''
LDFLAGS=''
LIBC_EXTRA_DEF=''
LIBC_EXTRA_LIB=''
LIBC_MACHINE_LIB='machine/lib.a'
LIBC_POSIX_DEF=''
LIBC_POSIX_LIB=''
LIBC_SIGNAL_DEF='signal/stmp-def'
LIBC_SIGNAL_LIB='signal/lib.a'
LIBC_STDIO64_DEF=''
LIBC_STDIO64_LIB=''
LIBC_STDIO_DEF='stdio/stmp-def'
LIBC_STDIO_LIB='stdio/lib.a'
LIBC_SYSCALL_LIB=''
LIBC_SYS_LIB=''
LIBC_UNIX_LIB=''
LIBC_XDR_DEF=''
LIBC_XDR_LIB=''
LIBOBJS=''
LIBS=''
LIBTOOL=''
LIPO=''
LN_S=''
LTLIBOBJS=''
MAINT='#'
MAINTAINER_MODE_FALSE=''
MAINTAINER_MODE_TRUE='#'
MAKEINFO='${SHELL} /home/ubuntu/kurara_os/intel_386/env/newlib-cygwin/missing --run makeinfo'
MAY_SUPPLY_SYSCALLS_FALSE='#'
MAY_SUPPLY_SYSCALLS_TRUE=''
MKDIR_P='/usr/bin/mkdir -p'
NEWLIB_CFLAGS=' -fno-builtin -DMISSING_SYSCALL_NAMES -DHAVE_INIT_FINI'
NEWLIB_NANO_FORMATTED_IO_FALSE=''
NEWLIB_NANO_FORMATTED_IO_TRUE='#'
NEWLIB_NANO_MALLOC_FALSE=''
NEWLIB_NANO_MALLOC_TRUE='#'
NEWLIB_RETARGETABLE_LOCKING_FALSE=''
NEWLIB_RETARGETABLE_LOCKING_TRUE='#'
NM=''
NMEDIT=''
NO_INCLUDE_LIST=' rpc/types.h rpc/xdr.h'
OBJDUMP=''
OBJEXT='o'
OTOOL64=''
OTOOL=''
PACKAGE='newlib'
PACKAGE_BUGREPORT=''
PACKAGE_NAME='newlib'
PACKAGE_STRING='newlib 4.1.0'
PACKAGE_TARNAME='newlib'
PACKAGE_URL=''
PACKAGE_VERSION='4.1.0'
PATH_SEPARATOR=':'
RANLIB='ranlib'
READELF='readelf'
SED='/usr/bin/sed'
SET_MAKE=''
SHELL='/bin/bash'
STRIP=''
USE_LIBTOOL_FALSE=''
USE_LIBTOOL_TRUE='#'
VERSION='4.1.0'
ac_ct_CC=''
ac_ct_DUMPBIN=''
aext='a'
am__EXEEXT_FALSE=''
am__EXEEXT_TRUE='#'
am__fastdepCC_FALSE=''
am__fastdepCC_TRUE='#'
am__include='include'
am__isrc=' -I$(srcdir)'
am__leading_dot='.'
am__nodep='_no'
am__quote=''
am__tar='$${TAR-tar} chof - "$$tardir"'
am__untar='$${TAR-tar} xf -'
bindir='${exec_prefix}/bin'
build='x86_64-pc-linux-gnu'
build_alias=''
build_cpu='x86_64'
build_os='linux-gnu'
build_vendor='pc'
datadir='${datarootdir}'
datarootdir='${prefix}/share'
docdir='${datarootdir}/doc/${PACKAGE_TARNAME}'
dvidir='${docdir}'
exec_prefix='${prefix}'
extra_dir=''
host='x86_64-pc-linux-gnu'
host_alias=''
host_cpu='x86_64'
host_os='linux-gnu'
host_vendor='pc'
htmldir='${docdir}'
includedir='${prefix}/include'
infodir='${datarootdir}/info'
install_sh='${SHELL} /home/ubuntu/kurara_os/intel_386/env/newlib-cygwin/install-sh'
libdir='${exec_prefix}/lib'
libexecdir='${exec_prefix}/libexec'
libm_machine_dir='x86_64'
localedir='${datarootdir}/locale'
localstatedir='${prefix}/var'
lpfx='lib_a-'
machine_dir='x86_64'
mandir='${datarootdir}/man'
mkdir_p='/usr/bin/mkdir -p'
newlib_basedir='../../newlib-cygwin/newlib/libc/..'
oext='o'
oldincludedir='/usr/include'
pdfdir='${docdir}'
prefix='/home/ubuntu/x86_64-elf'
program_transform_name='s,x,x,'
psdir='${docdir}'
sbindir='${exec_prefix}/sbin'
sharedstatedir='${prefix}/com'
subdirs=' machine sys'
sys_dir=''
sysconfdir='${prefix}/etc'
target_alias='x86_x64-elf'

## ----------- ##
## confdefs.h. ##
## ----------- ##

/* confdefs.h */
#define PACKAGE_NAME "newlib"
#define PACKAGE_TARNAME "newlib"
#define PACKAGE_VERSION "4.1.0"
#define PACKAGE_STRING "newlib 4.1.0"
#define PACKAGE_BUGREPORT ""
#define PACKAGE_URL ""

configure: exit 0
